Initial_Start_Time: [2024-04-06]19:08:19.451
Dimensions: 100
Iterations: 50
Trip_Loops: 10
Sleep_Duration: 0
--------
Current Trip Loops Index: 1
Start Time: 2024-04-06 19:08:19.480
The code started executing at     73419.631091 seconds.
The code finished executing at    73430.934373 seconds.
The code executed in                 11.303282 seconds.
Execution time spent: 11.303282 seconds
End Time: 2024-04-06 19:08:32.108
Network delay spent: 1.324718 seconds
--------
--------
Current Trip Loops Index: 2
Start Time: 2024-04-06 19:08:32.134
The code started executing at     73432.186459 seconds.
The code finished executing at    73443.541068 seconds.
The code executed in                 11.354609 seconds.
Execution time spent: 11.354609 seconds
End Time: 2024-04-06 19:08:44.543
Network delay spent: 1.054391 seconds
--------
--------
Current Trip Loops Index: 3
Start Time: 2024-04-06 19:08:44.571
The code started executing at     73444.627099 seconds.
The code finished executing at    73456.934532 seconds.
The code executed in                 12.307433 seconds.
Execution time spent: 12.307433 seconds
End Time: 2024-04-06 19:08:58.004
Network delay spent: 1.125567 seconds
--------
--------
Current Trip Loops Index: 4
Start Time: 2024-04-06 19:08:58.031
The code started executing at     73458.127625 seconds.
The code finished executing at    73469.395504 seconds.
The code executed in                 11.267879 seconds.
Execution time spent: 11.267879 seconds
End Time: 2024-04-06 19:09:10.395
Network delay spent: 1.096121 seconds
--------
--------
Current Trip Loops Index: 5
Start Time: 2024-04-06 19:09:10.421
The code started executing at     73470.885723 seconds.
The code finished executing at    73482.311529 seconds.
The code executed in                 11.425807 seconds.
Execution time spent: 11.425807 seconds
End Time: 2024-04-06 19:09:23.316
Network delay spent: 1.469193 seconds
--------
--------
Current Trip Loops Index: 6
Start Time: 2024-04-06 19:09:23.341
The code started executing at     73483.436596 seconds.
The code finished executing at    73494.731297 seconds.
The code executed in                 11.294701 seconds.
Execution time spent: 11.294701 seconds
End Time: 2024-04-06 19:09:35.737
Network delay spent: 1.101299 seconds
--------
--------
Current Trip Loops Index: 7
Start Time: 2024-04-06 19:09:35.762
The code started executing at     73496.032185 seconds.
The code finished executing at    73507.505303 seconds.
The code executed in                 11.473118 seconds.
Execution time spent: 11.473118 seconds
End Time: 2024-04-06 19:09:48.916
Network delay spent: 1.680882 seconds
--------
--------
Current Trip Loops Index: 8
Start Time: 2024-04-06 19:09:48.940
The code started executing at     73509.431068 seconds.
The code finished executing at    73520.894317 seconds.
The code executed in                 11.463249 seconds.
Execution time spent: 11.463249 seconds
End Time: 2024-04-06 19:10:01.911
Network delay spent: 1.507751 seconds
--------
--------
Current Trip Loops Index: 9
Start Time: 2024-04-06 19:10:01.934
The code started executing at     73522.221197 seconds.
The code finished executing at    73533.504764 seconds.
The code executed in                 11.283566 seconds.
Execution time spent: 11.283566 seconds
End Time: 2024-04-06 19:10:14.810
Network delay spent: 1.592434 seconds
--------
--------
Current Trip Loops Index: 10
Start Time: 2024-04-06 19:10:14.836
The code started executing at     73535.484786 seconds.
The code finished executing at    73547.292815 seconds.
The code executed in                 11.808029 seconds.
Execution time spent: 11.808029 seconds
End Time: 2024-04-06 19:10:28.309
Network delay spent: 1.664971 seconds
--------
Final Time: 2024-04-06 19:10:28.331
Total time spent: 128.880 seconds
