Initial_Start_Time: [2024-04-06]17:18:40.431
Dimensions: 15
Iterations: 10
Trip_Loops: 10
Sleep_Duration: 2
--------
Current Trip Loops Index: 1
Start Time: 2024-04-06 17:18:40.460
The code started executing at     66840.401609 seconds.
The code finished executing at    66840.410113 seconds.
The code executed in                  0.008504 seconds.
Execution time spent: 0.008504 seconds
End Time: 2024-04-06 17:18:41.518
Network delay spent: 1.049496 seconds
--------
Sleeping for 2 seconds...
--------
Current Trip Loops Index: 2
Start Time: 2024-04-06 17:18:43.570
The code started executing at     66843.572510 seconds.
The code finished executing at    66843.581032 seconds.
The code executed in                  0.008522 seconds.
Execution time spent: 0.008522 seconds
End Time: 2024-04-06 17:18:44.690
Network delay spent: 1.111478 seconds
--------
Sleeping for 2 seconds...
--------
Current Trip Loops Index: 3
Start Time: 2024-04-06 17:18:46.741
The code started executing at     66846.697271 seconds.
The code finished executing at    66846.705506 seconds.
The code executed in                  0.008235 seconds.
Execution time spent: 0.008235 seconds
End Time: 2024-04-06 17:18:47.814
Network delay spent: 1.064765 seconds
--------
Sleeping for 2 seconds...
--------
Current Trip Loops Index: 4
Start Time: 2024-04-06 17:18:49.862
The code started executing at     66849.857316 seconds.
The code finished executing at    66849.865861 seconds.
The code executed in                  0.008545 seconds.
Execution time spent: 0.008545 seconds
End Time: 2024-04-06 17:18:50.972
Network delay spent: 1.101455 seconds
--------
Sleeping for 2 seconds...
--------
Current Trip Loops Index: 5
Start Time: 2024-04-06 17:18:53.021
The code started executing at     66852.996667 seconds.
The code finished executing at    66853.004950 seconds.
The code executed in                  0.008283 seconds.
Execution time spent: 0.008283 seconds
End Time: 2024-04-06 17:18:54.111
Network delay spent: 1.081717 seconds
--------
Sleeping for 2 seconds...
--------
Current Trip Loops Index: 6
Start Time: 2024-04-06 17:18:56.158
The code started executing at     66856.153550 seconds.
The code finished executing at    66856.162067 seconds.
The code executed in                  0.008517 seconds.
Execution time spent: 0.008517 seconds
End Time: 2024-04-06 17:18:57.266
Network delay spent: 1.099483 seconds
--------
Sleeping for 2 seconds...
--------
Current Trip Loops Index: 7
Start Time: 2024-04-06 17:18:59.316
The code started executing at     66859.281778 seconds.
The code finished executing at    66859.290085 seconds.
The code executed in                  0.008308 seconds.
Execution time spent: 0.008308 seconds
End Time: 2024-04-06 17:19:00.397
Network delay spent: 1.072692 seconds
--------
Sleeping for 2 seconds...
--------
Current Trip Loops Index: 8
Start Time: 2024-04-06 17:19:02.445
The code started executing at     66863.120229 seconds.
The code finished executing at    66863.128434 seconds.
The code executed in                  0.008205 seconds.
Execution time spent: 0.008205 seconds
End Time: 2024-04-06 17:19:04.278
Network delay spent: 1.824795 seconds
--------
Sleeping for 2 seconds...
--------
Current Trip Loops Index: 9
Start Time: 2024-04-06 17:19:06.322
The code started executing at     66866.592111 seconds.
The code finished executing at    66866.600500 seconds.
The code executed in                  0.008389 seconds.
Execution time spent: 0.008389 seconds
End Time: 2024-04-06 17:19:07.708
Network delay spent: 1.377611 seconds
--------
Sleeping for 2 seconds...
--------
Current Trip Loops Index: 10
Start Time: 2024-04-06 17:19:09.752
The code started executing at     66870.202861 seconds.
The code finished executing at    66870.211095 seconds.
The code executed in                  0.008235 seconds.
Execution time spent: 0.008235 seconds
End Time: 2024-04-06 17:19:11.319
Network delay spent: 1.558765 seconds
--------
Final Time: 2024-04-06 17:19:11.342
Total time spent: 30.911 seconds
