Initial_Start_Time: [2024-04-05]22:48:55.156
Dimensions: 15
Iterations: 10
Trip_Loops: 10
Sleep_Duration: 2
--------
Current Trip Loops Index: 1
Start Time: 2024-04-05 22:48:55.181
The code started executing at       255.096412 seconds.
The code finished executing at      255.104659 seconds.
The code executed in                  0.008246 seconds.
Execution time spent: 0.008246 seconds
End Time: 2024-04-05 22:48:56.183
Network delay spent: .993754 seconds
--------
Sleeping for 2 seconds...
--------
Current Trip Loops Index: 2
Start Time: 2024-04-05 22:48:58.224
The code started executing at       258.229809 seconds.
The code finished executing at      258.238070 seconds.
The code executed in                  0.008260 seconds.
Execution time spent: 0.008260 seconds
End Time: 2024-04-05 22:48:59.595
Network delay spent: 1.362740 seconds
--------
Sleeping for 2 seconds...
--------
Current Trip Loops Index: 3
Start Time: 2024-04-05 22:49:01.630
The code started executing at       261.623487 seconds.
The code finished executing at      261.631775 seconds.
The code executed in                  0.008289 seconds.
Execution time spent: 0.008289 seconds
End Time: 2024-04-05 22:49:02.710
Network delay spent: 1.071711 seconds
--------
Sleeping for 2 seconds...
--------
Current Trip Loops Index: 4
Start Time: 2024-04-05 22:49:04.749
The code started executing at       264.681105 seconds.
The code finished executing at      264.689432 seconds.
The code executed in                  0.008327 seconds.
Execution time spent: 0.008327 seconds
End Time: 2024-04-05 22:49:05.764
Network delay spent: 1.006673 seconds
--------
Sleeping for 2 seconds...
--------
Current Trip Loops Index: 5
Start Time: 2024-04-05 22:49:07.805
The code started executing at       267.762326 seconds.
The code finished executing at      267.770763 seconds.
The code executed in                  0.008437 seconds.
Execution time spent: 0.008437 seconds
End Time: 2024-04-05 22:49:08.839
Network delay spent: 1.025563 seconds
--------
Sleeping for 2 seconds...
--------
Current Trip Loops Index: 6
Start Time: 2024-04-05 22:49:10.875
The code started executing at       270.867927 seconds.
The code finished executing at      270.876286 seconds.
The code executed in                  0.008359 seconds.
Execution time spent: 0.008359 seconds
End Time: 2024-04-05 22:49:11.953
Network delay spent: 1.069641 seconds
--------
Sleeping for 2 seconds...
--------
Current Trip Loops Index: 7
Start Time: 2024-04-05 22:49:13.988
The code started executing at       273.980826 seconds.
The code finished executing at      273.989466 seconds.
The code executed in                  0.008641 seconds.
Execution time spent: 0.008641 seconds
End Time: 2024-04-05 22:49:15.067
Network delay spent: 1.070359 seconds
--------
Sleeping for 2 seconds...
--------
Current Trip Loops Index: 8
Start Time: 2024-04-05 22:49:17.107
The code started executing at       277.113372 seconds.
The code finished executing at      277.121682 seconds.
The code executed in                  0.008310 seconds.
Execution time spent: 0.008310 seconds
End Time: 2024-04-05 22:49:18.199
Network delay spent: 1.083690 seconds
--------
Sleeping for 2 seconds...
--------
Current Trip Loops Index: 9
Start Time: 2024-04-05 22:49:20.237
The code started executing at       280.378574 seconds.
The code finished executing at      280.386850 seconds.
The code executed in                  0.008276 seconds.
Execution time spent: 0.008276 seconds
End Time: 2024-04-05 22:49:21.466
Network delay spent: 1.220724 seconds
--------
Sleeping for 2 seconds...
--------
Current Trip Loops Index: 10
Start Time: 2024-04-05 22:49:23.506
The code started executing at       283.611921 seconds.
The code finished executing at      283.620178 seconds.
The code executed in                  0.008257 seconds.
Execution time spent: 0.008257 seconds
End Time: 2024-04-05 22:49:24.698
Network delay spent: 1.183743 seconds
--------
Final Time: 2024-04-05 22:49:24.718
Total time spent: 29.562 seconds
