Initial_Start_Time: [2024-04-05]21:53:36.612
Dimensions: 15
Iterations: 10
Trip_Loops: 10
Sleep_Duration: 2
--------
Current Trip Loops Index: 1
Start Time: 2024-04-05 21:53:36.641
The code started executing at     21949.718879 seconds.
The code finished executing at    21949.727382 seconds.
The code executed in                  0.008503 seconds.
End Time: 2024-04-05 21:53:37.976
--------
Sleeping for 2 seconds...
--------
Current Trip Loops Index: 2
Start Time: 2024-04-05 21:53:40.009
The code started executing at     21953.154671 seconds.
The code finished executing at    21953.163229 seconds.
The code executed in                  0.008558 seconds.
End Time: 2024-04-05 21:53:41.420
--------
Sleeping for 2 seconds...
--------
Current Trip Loops Index: 3
Start Time: 2024-04-05 21:53:43.451
The code started executing at     21956.503092 seconds.
The code finished executing at    21956.511673 seconds.
The code executed in                  0.008581 seconds.
End Time: 2024-04-05 21:53:44.770
--------
Sleeping for 2 seconds...
--------
Current Trip Loops Index: 4
Start Time: 2024-04-05 21:53:46.807
The code started executing at     21959.886731 seconds.
The code finished executing at    21959.895359 seconds.
The code executed in                  0.008628 seconds.
End Time: 2024-04-05 21:53:48.162
--------
Sleeping for 2 seconds...
--------
Current Trip Loops Index: 5
Start Time: 2024-04-05 21:53:50.202
The code started executing at     21963.771384 seconds.
The code finished executing at    21963.780323 seconds.
The code executed in                  0.008939 seconds.
End Time: 2024-04-05 21:53:52.102
--------
Sleeping for 2 seconds...
--------
Current Trip Loops Index: 6
Start Time: 2024-04-05 21:53:54.137
The code started executing at     21968.215506 seconds.
The code finished executing at    21968.224258 seconds.
The code executed in                  0.008752 seconds.
End Time: 2024-04-05 21:53:56.565
--------
Sleeping for 2 seconds...
--------
Current Trip Loops Index: 7
Start Time: 2024-04-05 21:53:58.603
The code started executing at     21971.692311 seconds.
The code finished executing at    21971.700828 seconds.
The code executed in                  0.008517 seconds.
End Time: 2024-04-05 21:53:59.963
--------
Sleeping for 2 seconds...
--------
Current Trip Loops Index: 8
Start Time: 2024-04-05 21:54:01.993
The code started executing at     21975.155190 seconds.
The code finished executing at    21975.163822 seconds.
The code executed in                  0.008632 seconds.
End Time: 2024-04-05 21:54:03.438
--------
Sleeping for 2 seconds...
--------
Current Trip Loops Index: 9
Start Time: 2024-04-05 21:54:05.480
The code started executing at     21978.838533 seconds.
The code finished executing at    21978.847366 seconds.
The code executed in                  0.008834 seconds.
End Time: 2024-04-05 21:54:07.151
--------
Sleeping for 2 seconds...
--------
Current Trip Loops Index: 10
Start Time: 2024-04-05 21:54:09.189
The code started executing at     21982.724036 seconds.
The code finished executing at    21982.732988 seconds.
The code executed in                  0.008952 seconds.
End Time: 2024-04-05 21:54:11.062
--------
Final Time: 2024-04-05 21:54:11.071
Total time spent: 34.459 seconds
