Initial_Start_Time: [2024-04-06]17:20:22.200
Dimensions: 15
Iterations: 10
Trip_Loops: 10
Sleep_Duration: 10
--------
Current Trip Loops Index: 1
Start Time: 2024-04-06 17:20:22.229
The code started executing at     66942.175270 seconds.
The code finished executing at    66942.183535 seconds.
The code executed in                  0.008265 seconds.
Execution time spent: 0.008265 seconds
End Time: 2024-04-06 17:20:23.296
Network delay spent: 1.058735 seconds
--------
Sleeping for 10 seconds...
--------
Current Trip Loops Index: 2
Start Time: 2024-04-06 17:20:33.346
The code started executing at     66953.342878 seconds.
The code finished executing at    66953.351256 seconds.
The code executed in                  0.008378 seconds.
Execution time spent: 0.008378 seconds
End Time: 2024-04-06 17:20:34.459
Network delay spent: 1.104622 seconds
--------
Sleeping for 10 seconds...
--------
Current Trip Loops Index: 3
Start Time: 2024-04-06 17:20:44.518
The code started executing at     66964.492372 seconds.
The code finished executing at    66964.501130 seconds.
The code executed in                  0.008758 seconds.
Execution time spent: 0.008758 seconds
End Time: 2024-04-06 17:20:45.618
Network delay spent: 1.091242 seconds
--------
Sleeping for 10 seconds...
--------
Current Trip Loops Index: 4
Start Time: 2024-04-06 17:20:55.680
The code started executing at     66975.671891 seconds.
The code finished executing at    66975.680262 seconds.
The code executed in                  0.008371 seconds.
Execution time spent: 0.008371 seconds
End Time: 2024-04-06 17:20:56.792
Network delay spent: 1.103629 seconds
--------
Sleeping for 10 seconds...
--------
Current Trip Loops Index: 5
Start Time: 2024-04-06 17:21:06.854
The code started executing at     66986.890584 seconds.
The code finished executing at    66986.898803 seconds.
The code executed in                  0.008219 seconds.
Execution time spent: 0.008219 seconds
End Time: 2024-04-06 17:21:08.012
Network delay spent: 1.149781 seconds
--------
Sleeping for 10 seconds...
--------
Current Trip Loops Index: 6
Start Time: 2024-04-06 17:21:18.076
The code started executing at     66998.050603 seconds.
The code finished executing at    66998.058924 seconds.
The code executed in                  0.008321 seconds.
Execution time spent: 0.008321 seconds
End Time: 2024-04-06 17:21:19.172
Network delay spent: 1.087679 seconds
--------
Sleeping for 10 seconds...
--------
Current Trip Loops Index: 7
Start Time: 2024-04-06 17:21:29.235
The code started executing at     67009.213375 seconds.
The code finished executing at    67009.221649 seconds.
The code executed in                  0.008273 seconds.
Execution time spent: 0.008273 seconds
End Time: 2024-04-06 17:21:30.334
Network delay spent: 1.090727 seconds
--------
Sleeping for 10 seconds...
--------
Current Trip Loops Index: 8
Start Time: 2024-04-06 17:21:40.396
The code started executing at     67020.387139 seconds.
The code finished executing at    67020.395474 seconds.
The code executed in                  0.008334 seconds.
Execution time spent: 0.008334 seconds
End Time: 2024-04-06 17:21:41.509
Network delay spent: 1.104666 seconds
--------
Sleeping for 10 seconds...
--------
Current Trip Loops Index: 9
Start Time: 2024-04-06 17:21:51.571
The code started executing at     67031.730110 seconds.
The code finished executing at    67031.738429 seconds.
The code executed in                  0.008320 seconds.
Execution time spent: 0.008320 seconds
End Time: 2024-04-06 17:21:52.880
Network delay spent: 1.300680 seconds
--------
Sleeping for 10 seconds...
--------
Current Trip Loops Index: 10
Start Time: 2024-04-06 17:22:02.941
The code started executing at     67042.935613 seconds.
The code finished executing at    67042.943965 seconds.
The code executed in                  0.008352 seconds.
Execution time spent: 0.008352 seconds
End Time: 2024-04-06 17:22:04.059
Network delay spent: 1.109648 seconds
--------
Final Time: 2024-04-06 17:22:04.085
Total time spent: 101.885 seconds
