Initial_Start_Time: [2024-04-05]22:49:26.742
Dimensions: 15
Iterations: 10
Trip_Loops: 10
Sleep_Duration: 10
--------
Current Trip Loops Index: 1
Start Time: 2024-04-05 22:49:26.765
The code started executing at       286.730846 seconds.
The code finished executing at      286.739143 seconds.
The code executed in                  0.008297 seconds.
Execution time spent: 0.008297 seconds
End Time: 2024-04-05 22:49:27.805
Network delay spent: 1.031703 seconds
--------
Sleeping for 10 seconds...
--------
Current Trip Loops Index: 2
Start Time: 2024-04-05 22:49:37.848
The code started executing at       298.075340 seconds.
The code finished executing at      298.083594 seconds.
The code executed in                  0.008254 seconds.
Execution time spent: 0.008254 seconds
End Time: 2024-04-05 22:49:39.168
Network delay spent: 1.311746 seconds
--------
Sleeping for 10 seconds...
--------
Current Trip Loops Index: 3
Start Time: 2024-04-05 22:49:49.222
The code started executing at       309.325961 seconds.
The code finished executing at      309.334481 seconds.
The code executed in                  0.008520 seconds.
Execution time spent: 0.008520 seconds
End Time: 2024-04-05 22:49:50.414
Network delay spent: 1.183480 seconds
--------
Sleeping for 10 seconds...
--------
Current Trip Loops Index: 4
Start Time: 2024-04-05 22:50:00.465
The code started executing at       320.603831 seconds.
The code finished executing at      320.612243 seconds.
The code executed in                  0.008412 seconds.
Execution time spent: 0.008412 seconds
End Time: 2024-04-05 22:50:01.713
Network delay spent: 1.239588 seconds
--------
Sleeping for 10 seconds...
--------
Current Trip Loops Index: 5
Start Time: 2024-04-05 22:50:11.752
The code started executing at       331.854852 seconds.
The code finished executing at      331.863247 seconds.
The code executed in                  0.008394 seconds.
Execution time spent: 0.008394 seconds
End Time: 2024-04-05 22:50:12.924
Network delay spent: 1.163606 seconds
--------
Sleeping for 10 seconds...
--------
Current Trip Loops Index: 6
Start Time: 2024-04-05 22:50:22.975
The code started executing at       343.855802 seconds.
The code finished executing at      343.864272 seconds.
The code executed in                  0.008470 seconds.
Execution time spent: 0.008470 seconds
End Time: 2024-04-05 22:50:24.975
Network delay spent: 1.991530 seconds
--------
Sleeping for 10 seconds...
--------
Current Trip Loops Index: 7
Start Time: 2024-04-05 22:50:35.024
The code started executing at       355.086445 seconds.
The code finished executing at      355.094826 seconds.
The code executed in                  0.008380 seconds.
Execution time spent: 0.008380 seconds
End Time: 2024-04-05 22:50:36.164
Network delay spent: 1.131620 seconds
--------
Sleeping for 10 seconds...
--------
Current Trip Loops Index: 8
Start Time: 2024-04-05 22:50:46.216
The code started executing at       366.496032 seconds.
The code finished executing at      366.504375 seconds.
The code executed in                  0.008343 seconds.
Execution time spent: 0.008343 seconds
End Time: 2024-04-05 22:50:47.590
Network delay spent: 1.365657 seconds
--------
Sleeping for 10 seconds...
--------
Current Trip Loops Index: 9
Start Time: 2024-04-05 22:50:57.645
The code started executing at       377.828419 seconds.
The code finished executing at      377.836820 seconds.
The code executed in                  0.008400 seconds.
Execution time spent: 0.008400 seconds
End Time: 2024-04-05 22:50:58.939
Network delay spent: 1.285600 seconds
--------
Sleeping for 10 seconds...
--------
Current Trip Loops Index: 10
Start Time: 2024-04-05 22:51:08.988
The code started executing at       390.316744 seconds.
The code finished executing at      390.325108 seconds.
The code executed in                  0.008364 seconds.
Execution time spent: 0.008364 seconds
End Time: 2024-04-05 22:51:11.439
Network delay spent: 2.442636 seconds
--------
Final Time: 2024-04-05 22:51:11.460
Total time spent: 104.718 seconds
